2021-03-19T18:03:45.219+05:30 ERROR [thd-8] - com.progress.O4gl.Trace - READPACKET IOException : java.io.EOFException (null) 
java.io.EOFException: null
	at com.progress.ubroker.client.TcpClientMsgInputStream.readstream(TcpClientMsgInputStream.java:544)
	at com.progress.ubroker.client.TcpClientMsgInputStream.readubhdr(TcpClientMsgInputStream.java:346)
	at com.progress.ubroker.client.TcpClientMsgInputStream.readMsg(TcpClientMsgInputStream.java:267)
	at com.progress.ubroker.client.BrokerSystem.readMsg(BrokerSystem.java:2555)
	at com.progress.ubroker.client.BrokerSystem.readPacket(BrokerSystem.java:2395)
	at com.progress.ubroker.client.BrokerSystem.read(BrokerSystem.java:1233)
	at com.progress.ubroker.client.BrokerSystem.read(BrokerSystem.java:1186)
	at com.progress.open4gl.dynamicapi.SinkInputStream.read(SinkInputStream.java:56)
	at com.progress.open4gl.dynamicapi.OutputParamReader.<init>(OutputParamReader.java:42)
	at com.progress.open4gl.dynamicapi.Session.runProcedure0(Session.java:882)
	at com.progress.open4gl.dynamicapi.Session.runProcedure(Session.java:605)
	at com.progress.open4gl.dynamicapi.Session.runStatelessProcedure(Session.java:535)
	at com.progress.open4gl.dynamicapi.PersistentProc.runTheProcedure(PersistentProc.java:179)
	at com.progress.open4gl.dynamicapi.PersistentProc.runProcedure(PersistentProc.java:144)
	at com.progress.open4gl.javaproxy.Procedure.runProcedure(Procedure.java:186)
	at com.progress.open4gl.javaproxy.Procedure.runProcedure(Procedure.java:148)
	at com.progress.open4gl.javaproxy.OpenClassObjectImpl.invokeMethod(OpenClassObjectImpl.java:50)
	at com.progress.open4gl.javaproxy.OpenClassObject.invokeMethod(OpenClassObject.java:115)
	at com.progress.appserv.clientrt.admin.AgentAdminUtil.runBuiltInObject(AgentAdminUtil.java:472)
	at com.progress.appserv.clientrt.admin.AgentAdminUtil.runBuiltInObject(AgentAdminUtil.java:616)
	at com.progress.appserv.manager.admin.AgentManager.getAgentInfoMetrics(AgentManager.java:1416)
	at com.progress.appserv.manager.admin.AgentManager.getMetrics(AgentManager.java:1399)
	at com.progress.appserv.manager.admin.AgentManager.getAgentMetrics(AgentManager.java:494)
	at com.progress.appserv.manager.admin.AgentManager.getAgentStatus(AgentManager.java:313)
	at com.progress.appserv.manager.rest.AgentManagerService.getAgentComponentMetrics(AgentManagerService.java:202)
	at java.base/jdk.internal.reflect.NativeMethodAccessorImpl.invoke0(Native Method)
	at java.base/jdk.internal.reflect.NativeMethodAccessorImpl.invoke(NativeMethodAccessorImpl.java:62)
	at java.base/jdk.internal.reflect.DelegatingMethodAccessorImpl.invoke(DelegatingMethodAccessorImpl.java:43)
	at java.base/java.lang.reflect.Method.invoke(Method.java:566)
	at org.apache.cxf.service.invoker.AbstractInvoker.performInvocation(AbstractInvoker.java:179)
	at org.apache.cxf.service.invoker.AbstractInvoker.invoke(AbstractInvoker.java:96)
	at org.apache.cxf.jaxrs.JAXRSInvoker.invoke(JAXRSInvoker.java:201)
	at org.apache.cxf.jaxrs.JAXRSInvoker.invoke(JAXRSInvoker.java:104)
	at org.apache.cxf.interceptor.ServiceInvokerInterceptor$1.run(ServiceInvokerInterceptor.java:59)
	at org.apache.cxf.interceptor.ServiceInvokerInterceptor.handleMessage(ServiceInvokerInterceptor.java:96)
	at org.apache.cxf.phase.PhaseInterceptorChain.doIntercept(PhaseInterceptorChain.java:308)
	at org.apache.cxf.transport.ChainInitiationObserver.onMessage(ChainInitiationObserver.java:121)
	at org.apache.cxf.transport.http.AbstractHTTPDestination.invoke(AbstractHTTPDestination.java:267)
	at org.apache.cxf.transport.servlet.ServletController.invokeDestination(ServletController.java:234)
	at org.apache.cxf.transport.servlet.ServletController.invoke(ServletController.java:208)
	at org.apache.cxf.transport.servlet.ServletController.invoke(ServletController.java:160)
	at org.apache.cxf.transport.servlet.CXFNonSpringServlet.invoke(CXFNonSpringServlet.java:216)
	at org.apache.cxf.transport.servlet.AbstractHTTPServlet.handleRequest(AbstractHTTPServlet.java:301)
	at org.apache.cxf.transport.servlet.AbstractHTTPServlet.doGet(AbstractHTTPServlet.java:225)
	at javax.servlet.http.HttpServlet.service(HttpServlet.java:634)
	at org.apache.cxf.transport.servlet.AbstractHTTPServlet.service(AbstractHTTPServlet.java:276)
	at org.apache.catalina.core.ApplicationFilterChain.internalDoFilter(ApplicationFilterChain.java:231)
	at org.apache.catalina.core.ApplicationFilterChain.doFilter(ApplicationFilterChain.java:166)
	at com.progress.appserv.manager.servlet.OEManagerRequestFilter.doFilter(OEManagerRequestFilter.java:36)
	at org.apache.catalina.core.ApplicationFilterChain.internalDoFilter(ApplicationFilterChain.java:193)
	at org.apache.catalina.core.ApplicationFilterChain.doFilter(ApplicationFilterChain.java:166)
	at org.apache.tomcat.websocket.server.WsFilter.doFilter(WsFilter.java:53)
	at org.apache.catalina.core.ApplicationFilterChain.internalDoFilter(ApplicationFilterChain.java:193)
	at org.apache.catalina.core.ApplicationFilterChain.doFilter(ApplicationFilterChain.java:166)
	at org.springframework.security.web.FilterChainProxy$VirtualFilterChain.doFilter(FilterChainProxy.java:320)
	at org.springframework.security.web.access.intercept.FilterSecurityInterceptor.invoke(FilterSecurityInterceptor.java:126)
	at org.springframework.security.web.access.intercept.FilterSecurityInterceptor.doFilter(FilterSecurityInterceptor.java:90)
	at org.springframework.security.web.FilterChainProxy$VirtualFilterChain.doFilter(FilterChainProxy.java:334)
	at org.springframework.security.web.access.ExceptionTranslationFilter.doFilter(ExceptionTranslationFilter.java:118)
	at org.springframework.security.web.FilterChainProxy$VirtualFilterChain.doFilter(FilterChainProxy.java:334)
	at org.springframework.security.web.session.SessionManagementFilter.doFilter(SessionManagementFilter.java:137)
	at org.springframework.security.web.FilterChainProxy$VirtualFilterChain.doFilter(FilterChainProxy.java:334)
	at org.springframework.security.web.servletapi.SecurityContextHolderAwareRequestFilter.doFilter(SecurityContextHolderAwareRequestFilter.java:158)
	at org.springframework.security.web.FilterChainProxy$VirtualFilterChain.doFilter(FilterChainProxy.java:334)
	at org.springframework.security.web.savedrequest.RequestCacheAwareFilter.doFilter(RequestCacheAwareFilter.java:63)
	at org.springframework.security.web.FilterChainProxy$VirtualFilterChain.doFilter(FilterChainProxy.java:334)
	at org.springframework.security.web.authentication.preauth.AbstractPreAuthenticatedProcessingFilter.doFilter(AbstractPreAuthenticatedProcessingFilter.java:124)
	at org.springframework.security.web.FilterChainProxy$VirtualFilterChain.doFilter(FilterChainProxy.java:334)
	at org.springframework.security.web.header.HeaderWriterFilter.doHeadersAfter(HeaderWriterFilter.java:92)
	at org.springframework.security.web.header.HeaderWriterFilter.doFilterInternal(HeaderWriterFilter.java:77)
	at org.springframework.web.filter.OncePerRequestFilter.doFilter(OncePerRequestFilter.java:119)
	at org.springframework.security.web.FilterChainProxy$VirtualFilterChain.doFilter(FilterChainProxy.java:334)
	at org.springframework.security.web.context.request.async.WebAsyncManagerIntegrationFilter.doFilterInternal(WebAsyncManagerIntegrationFilter.java:56)
	at org.springframework.web.filter.OncePerRequestFilter.doFilter(OncePerRequestFilter.java:119)
	at org.springframework.security.web.FilterChainProxy$VirtualFilterChain.doFilter(FilterChainProxy.java:334)
	at org.springframework.security.web.context.SecurityContextPersistenceFilter.doFilter(SecurityContextPersistenceFilter.java:105)
	at org.springframework.security.web.FilterChainProxy$VirtualFilterChain.doFilter(FilterChainProxy.java:334)
	at com.progress.appserv.services.security.OECORSFilter.doFilter(OECORSFilter.java:380)
	at org.springframework.security.web.FilterChainProxy$VirtualFilterChain.doFilter(FilterChainProxy.java:334)
	at org.springframework.security.web.FilterChainProxy.doFilterInternal(FilterChainProxy.java:215)
	at org.springframework.security.web.FilterChainProxy.doFilter(FilterChainProxy.java:178)
	at org.springframework.web.filter.DelegatingFilterProxy.invokeDelegate(DelegatingFilterProxy.java:358)
	at org.springframework.web.filter.DelegatingFilterProxy.doFilter(DelegatingFilterProxy.java:271)
	at org.apache.catalina.core.ApplicationFilterChain.internalDoFilter(ApplicationFilterChain.java:193)
	at org.apache.catalina.core.ApplicationFilterChain.doFilter(ApplicationFilterChain.java:166)
	at ch.qos.logback.classic.selector.servlet.LoggerContextFilter.doFilter(LoggerContextFilter.java:69)
	at org.apache.catalina.core.ApplicationFilterChain.internalDoFilter(ApplicationFilterChain.java:193)
	at org.apache.catalina.core.ApplicationFilterChain.doFilter(ApplicationFilterChain.java:166)
	at org.apache.catalina.core.StandardWrapperValve.invoke(StandardWrapperValve.java:202)
	at org.apache.catalina.core.StandardContextValve.invoke(StandardContextValve.java:96)
	at org.apache.catalina.authenticator.AuthenticatorBase.invoke(AuthenticatorBase.java:666)
	at org.apache.catalina.core.StandardHostValve.invoke(StandardHostValve.java:139)
	at org.apache.catalina.valves.ErrorReportValve.invoke(ErrorReportValve.java:92)
	at org.apache.catalina.valves.CrawlerSessionManagerValve.invoke(CrawlerSessionManagerValve.java:235)
	at ch.qos.logback.access.tomcat.LogbackValve.invoke(LogbackValve.java:256)
	at org.apache.catalina.authenticator.SingleSignOn.invoke(SingleSignOn.java:291)
	at org.apache.catalina.valves.RequestFilterValve.process(RequestFilterValve.java:348)
	at org.apache.catalina.valves.RemoteAddrValve.invoke(RemoteAddrValve.java:53)
	at org.apache.catalina.valves.RequestFilterValve.process(RequestFilterValve.java:348)
	at org.apache.catalina.valves.RemoteHostValve.invoke(RemoteHostValve.java:51)
	at org.apache.catalina.core.StandardEngineValve.invoke(StandardEngineValve.java:74)
	at org.apache.catalina.connector.CoyoteAdapter.service(CoyoteAdapter.java:343)
	at org.apache.coyote.http11.Http11Processor.service(Http11Processor.java:367)
	at org.apache.coyote.AbstractProcessorLight.process(AbstractProcessorLight.java:65)
	at org.apache.coyote.AbstractProtocol$ConnectionHandler.process(AbstractProtocol.java:860)
	at org.apache.tomcat.util.net.NioEndpoint$SocketProcessor.doRun(NioEndpoint.java:1598)
	at org.apache.tomcat.util.net.SocketProcessorBase.run(SocketProcessorBase.java:49)
	at java.base/java.util.concurrent.ThreadPoolExecutor.runWorker(ThreadPoolExecutor.java:1128)
	at java.base/java.util.concurrent.ThreadPoolExecutor$Worker.run(ThreadPoolExecutor.java:628)
	at org.apache.tomcat.util.threads.TaskThread$WrappingRunnable.run(TaskThread.java:61)
	at java.base/java.lang.Thread.run(Thread.java:834)
2021-03-19T18:03:45.240+05:30 ERROR [thd-8] - com.progress.O4gl.Trace - DISCONNECT IOException:  java.io.EOFException 
2021-03-19T18:03:45.295+05:30 ERROR [thd-8] com.progress.appserv.manager.admin - [AgentManagerJmx] - Error getting agents {} Communication layer message: General Error: READPACKET IOException : java.io.EOFException (null). (7175)
2021-03-19T18:03:45.303+05:30 ERROR [thd-8] com.progress.appserv.manager.admin - [AgentManagerJmx] - Error getting request information {} Communication layer message: General Error: READPACKET IOException : java.io.EOFException (null). (7175)
2021-03-19T18:23:39.006+05:30 ERROR [thd-1] - com.progress.O4gl.Trace - READPACKET IOException : java.io.EOFException (null) 
java.io.EOFException: null
	at com.progress.ubroker.client.TcpClientMsgInputStream.readstream(TcpClientMsgInputStream.java:544)
	at com.progress.ubroker.client.TcpClientMsgInputStream.readubhdr(TcpClientMsgInputStream.java:346)
	at com.progress.ubroker.client.TcpClientMsgInputStream.readMsg(TcpClientMsgInputStream.java:267)
	at com.progress.ubroker.client.BrokerSystem.readMsg(BrokerSystem.java:2555)
	at com.progress.ubroker.client.BrokerSystem.readPacket(BrokerSystem.java:2395)
	at com.progress.ubroker.client.BrokerSystem.read(BrokerSystem.java:1233)
	at com.progress.ubroker.client.BrokerSystem.read(BrokerSystem.java:1186)
	at com.progress.open4gl.dynamicapi.SinkInputStream.read(SinkInputStream.java:56)
	at com.progress.open4gl.dynamicapi.OutputParamReader.<init>(OutputParamReader.java:42)
	at com.progress.open4gl.dynamicapi.Session.runProcedure0(Session.java:882)
	at com.progress.open4gl.dynamicapi.Session.runProcedure(Session.java:605)
	at com.progress.open4gl.dynamicapi.Session.runStatelessProcedure(Session.java:535)
	at com.progress.open4gl.dynamicapi.PersistentProc.runTheProcedure(PersistentProc.java:179)
	at com.progress.open4gl.dynamicapi.PersistentProc.runProcedure(PersistentProc.java:144)
	at com.progress.open4gl.javaproxy.Procedure.runProcedure(Procedure.java:186)
	at com.progress.open4gl.javaproxy.Procedure.runProcedure(Procedure.java:148)
	at com.progress.open4gl.javaproxy.OpenClassObjectImpl.invokeMethod(OpenClassObjectImpl.java:50)
	at com.progress.open4gl.javaproxy.OpenClassObject.invokeMethod(OpenClassObject.java:115)
	at com.progress.appserv.clientrt.admin.AgentAdminUtil.runBuiltInObject(AgentAdminUtil.java:472)
	at com.progress.appserv.clientrt.admin.AgentAdminUtil.runBuiltInObject(AgentAdminUtil.java:616)
	at com.progress.appserv.manager.admin.AgentManager.getAgentInfoMetrics(AgentManager.java:1416)
	at com.progress.appserv.manager.admin.AgentManager.getMetrics(AgentManager.java:1399)
	at com.progress.appserv.manager.admin.AgentManager.getAgentMetrics(AgentManager.java:494)
	at com.progress.appserv.manager.admin.AgentManager.getAgentStatus(AgentManager.java:313)
	at com.progress.appserv.manager.rest.AgentManagerService.getAgentComponentMetrics(AgentManagerService.java:202)
	at java.base/jdk.internal.reflect.NativeMethodAccessorImpl.invoke0(Native Method)
	at java.base/jdk.internal.reflect.NativeMethodAccessorImpl.invoke(NativeMethodAccessorImpl.java:62)
	at java.base/jdk.internal.reflect.DelegatingMethodAccessorImpl.invoke(DelegatingMethodAccessorImpl.java:43)
	at java.base/java.lang.reflect.Method.invoke(Method.java:566)
	at org.apache.cxf.service.invoker.AbstractInvoker.performInvocation(AbstractInvoker.java:179)
	at org.apache.cxf.service.invoker.AbstractInvoker.invoke(AbstractInvoker.java:96)
	at org.apache.cxf.jaxrs.JAXRSInvoker.invoke(JAXRSInvoker.java:201)
	at org.apache.cxf.jaxrs.JAXRSInvoker.invoke(JAXRSInvoker.java:104)
	at org.apache.cxf.interceptor.ServiceInvokerInterceptor$1.run(ServiceInvokerInterceptor.java:59)
	at org.apache.cxf.interceptor.ServiceInvokerInterceptor.handleMessage(ServiceInvokerInterceptor.java:96)
	at org.apache.cxf.phase.PhaseInterceptorChain.doIntercept(PhaseInterceptorChain.java:308)
	at org.apache.cxf.transport.ChainInitiationObserver.onMessage(ChainInitiationObserver.java:121)
	at org.apache.cxf.transport.http.AbstractHTTPDestination.invoke(AbstractHTTPDestination.java:267)
	at org.apache.cxf.transport.servlet.ServletController.invokeDestination(ServletController.java:234)
	at org.apache.cxf.transport.servlet.ServletController.invoke(ServletController.java:208)
	at org.apache.cxf.transport.servlet.ServletController.invoke(ServletController.java:160)
	at org.apache.cxf.transport.servlet.CXFNonSpringServlet.invoke(CXFNonSpringServlet.java:216)
	at org.apache.cxf.transport.servlet.AbstractHTTPServlet.handleRequest(AbstractHTTPServlet.java:301)
	at org.apache.cxf.transport.servlet.AbstractHTTPServlet.doGet(AbstractHTTPServlet.java:225)
	at javax.servlet.http.HttpServlet.service(HttpServlet.java:634)
	at org.apache.cxf.transport.servlet.AbstractHTTPServlet.service(AbstractHTTPServlet.java:276)
	at org.apache.catalina.core.ApplicationFilterChain.internalDoFilter(ApplicationFilterChain.java:231)
	at org.apache.catalina.core.ApplicationFilterChain.doFilter(ApplicationFilterChain.java:166)
	at com.progress.appserv.manager.servlet.OEManagerRequestFilter.doFilter(OEManagerRequestFilter.java:36)
	at org.apache.catalina.core.ApplicationFilterChain.internalDoFilter(ApplicationFilterChain.java:193)
	at org.apache.catalina.core.ApplicationFilterChain.doFilter(ApplicationFilterChain.java:166)
	at org.apache.tomcat.websocket.server.WsFilter.doFilter(WsFilter.java:53)
	at org.apache.catalina.core.ApplicationFilterChain.internalDoFilter(ApplicationFilterChain.java:193)
	at org.apache.catalina.core.ApplicationFilterChain.doFilter(ApplicationFilterChain.java:166)
	at org.springframework.security.web.FilterChainProxy$VirtualFilterChain.doFilter(FilterChainProxy.java:320)
	at org.springframework.security.web.access.intercept.FilterSecurityInterceptor.invoke(FilterSecurityInterceptor.java:126)
	at org.springframework.security.web.access.intercept.FilterSecurityInterceptor.doFilter(FilterSecurityInterceptor.java:90)
	at org.springframework.security.web.FilterChainProxy$VirtualFilterChain.doFilter(FilterChainProxy.java:334)
	at org.springframework.security.web.access.ExceptionTranslationFilter.doFilter(ExceptionTranslationFilter.java:118)
	at org.springframework.security.web.FilterChainProxy$VirtualFilterChain.doFilter(FilterChainProxy.java:334)
	at org.springframework.security.web.session.SessionManagementFilter.doFilter(SessionManagementFilter.java:137)
	at org.springframework.security.web.FilterChainProxy$VirtualFilterChain.doFilter(FilterChainProxy.java:334)
	at org.springframework.security.web.servletapi.SecurityContextHolderAwareRequestFilter.doFilter(SecurityContextHolderAwareRequestFilter.java:158)
	at org.springframework.security.web.FilterChainProxy$VirtualFilterChain.doFilter(FilterChainProxy.java:334)
	at org.springframework.security.web.savedrequest.RequestCacheAwareFilter.doFilter(RequestCacheAwareFilter.java:63)
	at org.springframework.security.web.FilterChainProxy$VirtualFilterChain.doFilter(FilterChainProxy.java:334)
	at org.springframework.security.web.authentication.preauth.AbstractPreAuthenticatedProcessingFilter.doFilter(AbstractPreAuthenticatedProcessingFilter.java:124)
	at org.springframework.security.web.FilterChainProxy$VirtualFilterChain.doFilter(FilterChainProxy.java:334)
	at org.springframework.security.web.header.HeaderWriterFilter.doHeadersAfter(HeaderWriterFilter.java:92)
	at org.springframework.security.web.header.HeaderWriterFilter.doFilterInternal(HeaderWriterFilter.java:77)
	at org.springframework.web.filter.OncePerRequestFilter.doFilter(OncePerRequestFilter.java:119)
	at org.springframework.security.web.FilterChainProxy$VirtualFilterChain.doFilter(FilterChainProxy.java:334)
	at org.springframework.security.web.context.request.async.WebAsyncManagerIntegrationFilter.doFilterInternal(WebAsyncManagerIntegrationFilter.java:56)
	at org.springframework.web.filter.OncePerRequestFilter.doFilter(OncePerRequestFilter.java:119)
	at org.springframework.security.web.FilterChainProxy$VirtualFilterChain.doFilter(FilterChainProxy.java:334)
	at org.springframework.security.web.context.SecurityContextPersistenceFilter.doFilter(SecurityContextPersistenceFilter.java:105)
	at org.springframework.security.web.FilterChainProxy$VirtualFilterChain.doFilter(FilterChainProxy.java:334)
	at com.progress.appserv.services.security.OECORSFilter.doFilter(OECORSFilter.java:380)
	at org.springframework.security.web.FilterChainProxy$VirtualFilterChain.doFilter(FilterChainProxy.java:334)
	at org.springframework.security.web.FilterChainProxy.doFilterInternal(FilterChainProxy.java:215)
	at org.springframework.security.web.FilterChainProxy.doFilter(FilterChainProxy.java:178)
	at org.springframework.web.filter.DelegatingFilterProxy.invokeDelegate(DelegatingFilterProxy.java:358)
	at org.springframework.web.filter.DelegatingFilterProxy.doFilter(DelegatingFilterProxy.java:271)
	at org.apache.catalina.core.ApplicationFilterChain.internalDoFilter(ApplicationFilterChain.java:193)
	at org.apache.catalina.core.ApplicationFilterChain.doFilter(ApplicationFilterChain.java:166)
	at ch.qos.logback.classic.selector.servlet.LoggerContextFilter.doFilter(LoggerContextFilter.java:69)
	at org.apache.catalina.core.ApplicationFilterChain.internalDoFilter(ApplicationFilterChain.java:193)
	at org.apache.catalina.core.ApplicationFilterChain.doFilter(ApplicationFilterChain.java:166)
	at org.apache.catalina.core.StandardWrapperValve.invoke(StandardWrapperValve.java:202)
	at org.apache.catalina.core.StandardContextValve.invoke(StandardContextValve.java:96)
	at org.apache.catalina.authenticator.AuthenticatorBase.invoke(AuthenticatorBase.java:666)
	at org.apache.catalina.core.StandardHostValve.invoke(StandardHostValve.java:139)
	at org.apache.catalina.valves.ErrorReportValve.invoke(ErrorReportValve.java:92)
	at org.apache.catalina.valves.CrawlerSessionManagerValve.invoke(CrawlerSessionManagerValve.java:235)
	at ch.qos.logback.access.tomcat.LogbackValve.invoke(LogbackValve.java:256)
	at org.apache.catalina.authenticator.SingleSignOn.invoke(SingleSignOn.java:291)
	at org.apache.catalina.valves.RequestFilterValve.process(RequestFilterValve.java:348)
	at org.apache.catalina.valves.RemoteAddrValve.invoke(RemoteAddrValve.java:53)
	at org.apache.catalina.valves.RequestFilterValve.process(RequestFilterValve.java:348)
	at org.apache.catalina.valves.RemoteHostValve.invoke(RemoteHostValve.java:51)
	at org.apache.catalina.core.StandardEngineValve.invoke(StandardEngineValve.java:74)
	at org.apache.catalina.connector.CoyoteAdapter.service(CoyoteAdapter.java:343)
	at org.apache.coyote.http11.Http11Processor.service(Http11Processor.java:367)
	at org.apache.coyote.AbstractProcessorLight.process(AbstractProcessorLight.java:65)
	at org.apache.coyote.AbstractProtocol$ConnectionHandler.process(AbstractProtocol.java:860)
	at org.apache.tomcat.util.net.NioEndpoint$SocketProcessor.doRun(NioEndpoint.java:1598)
	at org.apache.tomcat.util.net.SocketProcessorBase.run(SocketProcessorBase.java:49)
	at java.base/java.util.concurrent.ThreadPoolExecutor.runWorker(ThreadPoolExecutor.java:1128)
	at java.base/java.util.concurrent.ThreadPoolExecutor$Worker.run(ThreadPoolExecutor.java:628)
	at org.apache.tomcat.util.threads.TaskThread$WrappingRunnable.run(TaskThread.java:61)
	at java.base/java.lang.Thread.run(Thread.java:834)
2021-03-19T18:23:39.038+05:30 ERROR [thd-1] - com.progress.O4gl.Trace - DISCONNECT IOException:  java.io.EOFException 
2021-03-19T18:23:39.070+05:30 ERROR [thd-1] com.progress.appserv.manager.admin - [AgentManagerJmx] - Error getting agents {} Communication layer message: General Error: READPACKET IOException : java.io.EOFException (null). (7175)
2021-03-19T18:23:39.073+05:30 ERROR [thd-1] com.progress.appserv.manager.admin - [AgentManagerJmx] - Error getting request information {} Communication layer message: General Error: READPACKET IOException : java.io.EOFException (null). (7175)
